[debug] [2019-04-04T13:14:50.687Z] ----------------------------------------------------------------------
[debug] [2019-04-04T13:14:50.696Z] Command:       /home/adrivpp/.nvm/versions/node/v11.10.0/bin/node /home/adrivpp/.nvm/versions/node/v11.10.0/bin/firebase deploy
[debug] [2019-04-04T13:14:50.697Z] CLI Version:   6.5.0
[debug] [2019-04-04T13:14:50.697Z] Platform:      linux
[debug] [2019-04-04T13:14:50.697Z] Node Version:  v11.10.0
[debug] [2019-04-04T13:14:56.812Z] Time:          Thu Apr 04 2019 14:14:50 GMT+0100 (GMT+01:00)
[debug] [2019-04-04T13:14:56.812Z] ----------------------------------------------------------------------
[debug] 
[debug] [2019-04-04T13:14:56.859Z] > command requires scopes: ["email","openid","https://www.googleapis.com/auth/cloudplatformprojects.readonly","https://www.googleapis.com/auth/firebase","https://www.googleapis.com/auth/cloud-platform"]
[debug] [2019-04-04T13:14:56.860Z] > authorizing via signed-in user
[debug] [2019-04-04T13:14:56.860Z] [iam] checking project iron-router for permissions ["firebase.projects.get","firebasehosting.sites.update","firebaserules.releases.create","firebaserules.releases.update","firebaserules.rulesets.create"]
[debug] [2019-04-04T13:14:56.863Z] > refreshing access token with scopes: ["email","https://www.googleapis.com/auth/cloud-platform","https://www.googleapis.com/auth/cloudplatformprojects.readonly","https://www.googleapis.com/auth/firebase","openid"]
[debug] [2019-04-04T13:14:56.864Z] >>> HTTP REQUEST POST https://www.googleapis.com/oauth2/v3/token  
 <request body omitted>
[debug] [2019-04-04T13:15:07.908Z] <<< HTTP RESPONSE 200
[debug] [2019-04-04T13:15:07.925Z] >>> HTTP REQUEST POST https://cloudresourcemanager.googleapis.com/v1/projects/iron-router:testIamPermissions  

[debug] [2019-04-04T13:15:30.874Z] <<< HTTP RESPONSE 200
[debug] [2019-04-04T13:15:30.879Z] >>> HTTP REQUEST GET https://firebase.googleapis.com/v1beta1/projects/iron-router  
 
[debug] [2019-04-04T13:15:58.792Z] Error: getaddrinfo EAI_AGAIN firebase.googleapis.com firebase.googleapis.com:443
    at GetAddrInfoReqWrap.onlookup [as oncomplete] (dns.js:58:26)
[error] 
[error] Error: Server Error. getaddrinfo EAI_AGAIN firebase.googleapis.com firebase.googleapis.com:443
